<?xml version="1.0" encoding="UTF-8"?>
<testsuite xmlns:xsi="http://www.w3.org/2001/XMLSchema-instance" xsi:noNamespaceSchemaLocation="https://maven.apache.org/surefire/maven-surefire-plugin/xsd/surefire-test-report-3.0.xsd" version="3.0" name="hh.tehtava.kirjakauppa.JPATests" time="3.839" tests="8" errors="0" skipped="0" failures="0">
  <properties>
[...]
</properties>
  <testcase name="userDeleteTest" classname="hh.tehtava.kirjakauppa.JPATests" time="0.475">
    <system-out><![CDATA[16:17:49.148 [main] INFO org.springframework.test.context.support.AnnotationConfigContextLoaderUtils -- Could not detect default configuration classes for test class [hh.tehtava.kirjakauppa.JPATests]: JPATests does not declare any static, non-private, non-final, nested classes annotated with @Configuration.
16:17:49.255 [main] INFO org.springframework.boot.test.context.SpringBootTestContextBootstrapper -- Found @SpringBootConfiguration hh.tehtava.kirjakauppa.KirjakauppaApplication for test class hh.tehtava.kirjakauppa.JPATests
16:17:49.328 [main] INFO org.springframework.boot.devtools.restart.RestartApplicationListener -- Restart disabled due to context in which it is running

  .   ____          _            __ _ _
 /\\ / ___'_ __ _ _(_)_ __  __ _ \ \ \ \
( ( )\___ | '_ | '_| | '_ \/ _` | \ \ \ \
 \\/  ___)| |_)| | | | | || (_| |  ) ) ) )
  '  |____| .__|_| |_|_| |_\__, | / / / /
 =========|_|==============|___/=/_/_/_/
 :: Spring Boot ::                (v3.2.3)

2024-04-09T16:17:49.588+03:00  INFO 30580 --- [           main] hh.tehtava.kirjakauppa.JPATests          : Starting JPATests using Java 20.0.2 with PID 30580 (started by Viscid in C:\Kouluhommat\git\heroku_version_bookstore)
2024-04-09T16:17:49.589+03:00  INFO 30580 --- [           main] hh.tehtava.kirjakauppa.JPATests          : No active profile set, falling back to 1 default profile: "default"
2024-04-09T16:17:49.891+03:00  INFO 30580 --- [           main] .s.d.r.c.RepositoryConfigurationDelegate : Bootstrapping Spring Data JPA repositories in DEFAULT mode.
2024-04-09T16:17:49.943+03:00  INFO 30580 --- [           main] .s.d.r.c.RepositoryConfigurationDelegate : Finished Spring Data repository scanning in 44 ms. Found 3 JPA repository interfaces.
2024-04-09T16:17:49.985+03:00  INFO 30580 --- [           main] beddedDataSourceBeanFactoryPostProcessor : Replacing 'dataSource' DataSource bean with embedded version
2024-04-09T16:17:50.177+03:00  INFO 30580 --- [           main] o.s.j.d.e.EmbeddedDatabaseFactory        : Starting embedded database: url='jdbc:h2:mem:b0844e81-4d4c-4cca-8e90-06e88056ad7b;DB_CLOSE_DELAY=-1;DB_CLOSE_ON_EXIT=false', username='sa'
2024-04-09T16:17:50.435+03:00  INFO 30580 --- [           main] o.hibernate.jpa.internal.util.LogHelper  : HHH000204: Processing PersistenceUnitInfo [name: default]
2024-04-09T16:17:50.494+03:00  INFO 30580 --- [           main] org.hibernate.Version                    : HHH000412: Hibernate ORM core version 6.4.4.Final
2024-04-09T16:17:50.525+03:00  INFO 30580 --- [           main] o.h.c.internal.RegionFactoryInitiator    : HHH000026: Second-level cache disabled
2024-04-09T16:17:50.758+03:00  INFO 30580 --- [           main] o.s.o.j.p.SpringPersistenceUnitInfo      : No LoadTimeWeaver setup: ignoring JPA class transformer
2024-04-09T16:17:51.661+03:00  INFO 30580 --- [           main] o.h.e.t.j.p.i.JtaPlatformInitiator       : HHH000489: No JTA platform available (set 'hibernate.transaction.jta.platform' to enable JTA platform integration)
Hibernate: drop table if exists book cascade 
Hibernate: drop table if exists category cascade 
Hibernate: drop table if exists user_table cascade 
Hibernate: drop sequence if exists book_seq
Hibernate: drop sequence if exists category_seq
Hibernate: create sequence book_seq start with 1 increment by 50
Hibernate: create sequence category_seq start with 1 increment by 50
Hibernate: create table book (bookid bigint not null, categoryid bigint, price bigint, publication_year bigint, author varchar(255), isbn varchar(255), title varchar(255), primary key (bookid))
Hibernate: create table category (categoryid bigint not null, name varchar(255), primary key (categoryid))
Hibernate: create table user_table (id bigint generated by default as identity, email varchar(255) not null, password varchar(255) not null, role varchar(255) not null, username varchar(255) not null unique, primary key (id))
Hibernate: alter table if exists book add constraint FK2b35frrtu8m7cdfnu300xhnlm foreign key (categoryid) references category
2024-04-09T16:17:51.700+03:00  INFO 30580 --- [           main] j.LocalContainerEntityManagerFactoryBean : Initialized JPA EntityManagerFactory for persistence unit 'default'
2024-04-09T16:17:52.064+03:00  INFO 30580 --- [           main] hh.tehtava.kirjakauppa.JPATests          : Started JPATests in 2.747 seconds (process running for 3.502)
Hibernate: select next value for category_seq
Hibernate: insert into category (name,categoryid) values (?,?)
Hibernate: select next value for category_seq
Hibernate: insert into category (name,categoryid) values (?,?)
Hibernate: insert into category (name,categoryid) values (?,?)
2024-04-09T16:17:52.135+03:00  INFO 30580 --- [           main] h.t.kirjakauppa.KirjakauppaApplication   : put some books in the store
Hibernate: select next value for book_seq
Hibernate: insert into book (author,categoryid,isbn,price,publication_year,title,bookid) values (?,?,?,?,?,?,?)
Hibernate: select next value for book_seq
Hibernate: insert into book (author,categoryid,isbn,price,publication_year,title,bookid) values (?,?,?,?,?,?,?)
Hibernate: insert into book (author,categoryid,isbn,price,publication_year,title,bookid) values (?,?,?,?,?,?,?)
2024-04-09T16:17:52.145+03:00  INFO 30580 --- [           main] h.t.kirjakauppa.KirjakauppaApplication   : create ADMIN and USER users
Hibernate: insert into user_table (email,password,role,username,id) values (?,?,?,?,default)
Hibernate: insert into user_table (email,password,role,username,id) values (?,?,?,?,default)
2024-04-09T16:17:52.155+03:00  INFO 30580 --- [           main] h.t.kirjakauppa.KirjakauppaApplication   : fetch all books:
Hibernate: select b1_0.bookid,b1_0.author,b1_0.categoryid,b1_0.isbn,b1_0.price,b1_0.publication_year,b1_0.title from book b1_0
Hibernate: select c1_0.categoryid,c1_0.name from category c1_0 where c1_0.categoryid=?
Hibernate: select c1_0.categoryid,c1_0.name from category c1_0 where c1_0.categoryid=?
Hibernate: select c1_0.categoryid,c1_0.name from category c1_0 where c1_0.categoryid=?
2024-04-09T16:17:52.278+03:00  INFO 30580 --- [           main] h.t.kirjakauppa.KirjakauppaApplication   : Book [bookid=1, title=A Storm of Swords, author=George R. R. Martin, publicationYear=2000, isbn=0-00-224586-8, price=50, category=Category [categoryid=1, name=Fantasy]]
2024-04-09T16:17:52.278+03:00  INFO 30580 --- [           main] h.t.kirjakauppa.KirjakauppaApplication   : Book [bookid=2, title=Neuromancer, author=William Gibson, publicationYear=1984, isbn=0-441-56956-0, price=15, category=Category [categoryid=2, name=Sci-fi]]
2024-04-09T16:17:52.278+03:00  INFO 30580 --- [           main] h.t.kirjakauppa.KirjakauppaApplication   : Book [bookid=3, title=Advanced Demonology, author=Louis Cypher, publicationYear=1666, isbn=666-666-666, price=6, category=Category [categoryid=3, name=Non-fiction]]
2024-04-09T16:17:52.278+03:00  INFO 30580 --- [           main] h.t.kirjakauppa.KirjakauppaApplication   : fetch all categories:
Hibernate: select c1_0.categoryid,c1_0.name from category c1_0
2024-04-09T16:17:52.281+03:00  INFO 30580 --- [           main] h.t.kirjakauppa.KirjakauppaApplication   : Category [categoryid=1, name=Fantasy]
2024-04-09T16:17:52.281+03:00  INFO 30580 --- [           main] h.t.kirjakauppa.KirjakauppaApplication   : Category [categoryid=2, name=Sci-fi]
2024-04-09T16:17:52.281+03:00  INFO 30580 --- [           main] h.t.kirjakauppa.KirjakauppaApplication   : Category [categoryid=3, name=Non-fiction]
Hibernate: insert into user_table (email,password,role,username,id) values (?,?,?,?,default)
Hibernate: select bu1_0.id,bu1_0.email,bu1_0.password,bu1_0.role,bu1_0.username from user_table bu1_0 where bu1_0.id=?
]]></system-out>
  </testcase>
  <testcase name="categoryRepositoryTest" classname="hh.tehtava.kirjakauppa.JPATests" time="0.026">
    <system-out><![CDATA[Hibernate: insert into category (name,categoryid) values (?,?)
Hibernate: select c1_0.categoryid,c1_0.name from category c1_0 where c1_0.name=?
]]></system-out>
  </testcase>
  <testcase name="userSaveRepoTest" classname="hh.tehtava.kirjakauppa.JPATests" time="0.007">
    <system-out><![CDATA[Hibernate: insert into user_table (email,password,role,username,id) values (?,?,?,?,default)
Hibernate: select bu1_0.id,bu1_0.email,bu1_0.password,bu1_0.role,bu1_0.username from user_table bu1_0 where bu1_0.username=?
]]></system-out>
  </testcase>
  <testcase name="categoryDeleteTest" classname="hh.tehtava.kirjakauppa.JPATests" time="0.011">
    <system-out><![CDATA[Hibernate: insert into category (name,categoryid) values (?,?)
Hibernate: delete from category where categoryid=?
Hibernate: select c1_0.categoryid,c1_0.name from category c1_0 where c1_0.name=?
]]></system-out>
  </testcase>
  <testcase name="bookCreateTest" classname="hh.tehtava.kirjakauppa.JPATests" time="0.007"/>
  <testcase name="bookRepositoryTest" classname="hh.tehtava.kirjakauppa.JPATests" time="0.007">
    <system-out><![CDATA[Hibernate: insert into category (name,categoryid) values (?,?)
Hibernate: insert into book (author,categoryid,isbn,price,publication_year,title,bookid) values (?,?,?,?,?,?,?)
Hibernate: select b1_0.bookid,b1_0.author,b1_0.categoryid,b1_0.isbn,b1_0.price,b1_0.publication_year,b1_0.title from book b1_0 where b1_0.isbn=?
]]></system-out>
  </testcase>
  <testcase name="bookDeleteTest" classname="hh.tehtava.kirjakauppa.JPATests" time="0.008">
    <system-out><![CDATA[Hibernate: insert into category (name,categoryid) values (?,?)
Hibernate: insert into book (author,categoryid,isbn,price,publication_year,title,bookid) values (?,?,?,?,?,?,?)
Hibernate: delete from book where bookid=?
Hibernate: select b1_0.bookid,b1_0.author,b1_0.categoryid,b1_0.isbn,b1_0.price,b1_0.publication_year,b1_0.title from book b1_0 where b1_0.isbn=?
]]></system-out>
  </testcase>
  <testcase name="userCreateTest" classname="hh.tehtava.kirjakauppa.JPATests" time="0.004"/>
</testsuite>